[19-Apr-2022 18:29:06 UTC] PHP Fatal error:  Maximum execution time of 60 seconds exceeded in C:\Users\skk8\Documents\1-KATENDE\LARAVEL_DEVELOPEMENT\12-SKKHOST-PPG\ppg\vendor\laravel\framework\src\Illuminate\Database\Connection.php on line 375
[19-Apr-2022 18:30:33 UTC] PHP Fatal error:  Maximum execution time of 60 seconds exceeded in C:\Users\skk8\Documents\1-KATENDE\LARAVEL_DEVELOPEMENT\12-SKKHOST-PPG\ppg\vendor\laravel\framework\src\Illuminate\Database\Connection.php on line 375
[19-Apr-2022 18:32:58 UTC] PHP Fatal error:  Maximum execution time of 60 seconds exceeded in C:\Users\skk8\Documents\1-KATENDE\LARAVEL_DEVELOPEMENT\12-SKKHOST-PPG\ppg\vendor\laravel\framework\src\Illuminate\Database\Connection.php on line 522
[19-Apr-2022 18:35:37 UTC] PHP Fatal error:  Maximum execution time of 60 seconds exceeded in C:\Users\skk8\Documents\1-KATENDE\LARAVEL_DEVELOPEMENT\12-SKKHOST-PPG\ppg\vendor\laravel\framework\src\Illuminate\Database\Connection.php on line 375
[19-Apr-2022 18:54:31 UTC] PHP Fatal error:  Maximum execution time of 60 seconds exceeded in C:\Users\skk8\Documents\1-KATENDE\LARAVEL_DEVELOPEMENT\12-SKKHOST-PPG\ppg\vendor\laravel\framework\src\Illuminate\Database\Connection.php on line 375
[19-Apr-2022 18:55:46 UTC] PHP Fatal error:  Maximum execution time of 60 seconds exceeded in C:\Users\skk8\Documents\1-KATENDE\LARAVEL_DEVELOPEMENT\12-SKKHOST-PPG\ppg\vendor\laravel\framework\src\Illuminate\Database\Connection.php on line 375
[19-Apr-2022 18:58:47 UTC] PHP Fatal error:  Maximum execution time of 60 seconds exceeded in C:\Users\skk8\Documents\1-KATENDE\LARAVEL_DEVELOPEMENT\12-SKKHOST-PPG\ppg\vendor\laravel\framework\src\Illuminate\Database\Connection.php on line 375
[19-Apr-2022 19:00:39 UTC] PHP Fatal error:  Maximum execution time of 60 seconds exceeded in C:\Users\skk8\Documents\1-KATENDE\LARAVEL_DEVELOPEMENT\12-SKKHOST-PPG\ppg\vendor\laravel\framework\src\Illuminate\Database\Connection.php on line 375
[19-Apr-2022 19:06:41 UTC] PHP Fatal error:  Maximum execution time of 60 seconds exceeded in C:\Users\skk8\Documents\1-KATENDE\LARAVEL_DEVELOPEMENT\12-SKKHOST-PPG\ppg\vendor\laravel\framework\src\Illuminate\Database\Connection.php on line 375
[19-Apr-2022 19:07:57 UTC] PHP Fatal error:  Maximum execution time of 60 seconds exceeded in C:\Users\skk8\Documents\1-KATENDE\LARAVEL_DEVELOPEMENT\12-SKKHOST-PPG\ppg\vendor\laravel\framework\src\Illuminate\Database\Connection.php on line 375
[19-Apr-2022 19:08:59 UTC] PHP Warning:  Uncaught PDOException: SQLSTATE[HY000]: General error: 2006 MySQL server has gone away in C:\Users\skk8\Documents\1-KATENDE\LARAVEL_DEVELOPEMENT\12-SKKHOST-PPG\ppg\vendor\laravel\framework\src\Illuminate\Database\Connectors\MySqlConnector.php:27
Stack trace:
#0 C:\Users\skk8\Documents\1-KATENDE\LARAVEL_DEVELOPEMENT\12-SKKHOST-PPG\ppg\vendor\laravel\framework\src\Illuminate\Database\Connectors\MySqlConnector.php(27): PDO->exec()
#1 C:\Users\skk8\Documents\1-KATENDE\LARAVEL_DEVELOPEMENT\12-SKKHOST-PPG\ppg\vendor\laravel\framework\src\Illuminate\Database\Connectors\ConnectionFactory.php(184): Illuminate\Database\Connectors\MySqlConnector->connect()
#2 [internal function]: Illuminate\Database\Connectors\ConnectionFactory->Illuminate\Database\Connectors\{closure}()
#3 C:\Users\skk8\Documents\1-KATENDE\LARAVEL_DEVELOPEMENT\12-SKKHOST-PPG\ppg\vendor\laravel\framework\src\Illuminate\Database\Connection.php(1064): call_user_func()
#4 C:\Users\skk8\Documents\1-KATENDE\LARAVEL_DEVELOPEMENT\12-SKKHOST-PPG\ppg\vendor\lara in C:\Users\skk8\Documents\1-KATENDE\LARAVEL_DEVELOPEMENT\12-SKKHOST-PPG\ppg\vendor\laravel\framework\src\Illuminate\Database\Connectors\MySqlConnector.php on line 27
[19-Apr-2022 19:08:59 UTC] PHP Fatal error:  Maximum execution time of 60 seconds exceeded in C:\Users\skk8\Documents\1-KATENDE\LARAVEL_DEVELOPEMENT\12-SKKHOST-PPG\ppg\vendor\laravel\framework\src\Illuminate\Database\Connectors\ConnectionFactory.php on line 184
[19-Apr-2022 19:46:50 UTC] PHP Fatal error:  Maximum execution time of 60 seconds exceeded in C:\Users\skk8\Documents\1-KATENDE\LARAVEL_DEVELOPEMENT\12-SKKHOST-PPG\ppg\vendor\laravel\framework\src\Illuminate\Database\Connectors\MySqlConnector.php on line 170
[19-Apr-2022 19:50:38 UTC] PHP Fatal error:  Maximum execution time of 60 seconds exceeded in C:\Users\skk8\Documents\1-KATENDE\LARAVEL_DEVELOPEMENT\12-SKKHOST-PPG\ppg\vendor\laravel\framework\src\Illuminate\Database\Connection.php on line 368
